Aug 08 01:56:00.000 [notice] Tor 0.2.4.22 (git-345e00dc68a052fe) opening new log file.
Aug 08 01:56:00.000 [notice] Configured to measure directory request statistics, but no GeoIP database found. Please specify a GeoIP database using the GeoIPFile option.
Aug 08 01:56:00.000 [warn] You are running Tor as root. You don't need to, and you probably shouldn't.
Aug 08 01:56:00.000 [warn] OpenSSL version from headers does not match the version we're running with. If you get weird crashes, that might be why. (Compiled with 1000108f: OpenSSL 1.0.1h 5 Jun 2014; running with 1000106f: OpenSSL 1.0.1f 6 Jan 2014).
Aug 08 01:56:00.000 [notice] Your Tor server's identity key fingerprint is 'AdastraTORY B5C095D18CFBAD9445785D7EE16FF0AE652BA27E'
Aug 08 01:56:00.000 [notice] Guessed our IP address as 82.158.67.132 (source: 76.73.17.194).
Aug 08 01:56:02.000 [notice] I learned some more directory information, but not enough to build a circuit: We have no usable consensus.
Aug 08 01:56:03.000 [notice] I learned some more directory information, but not enough to build a circuit: We have no usable consensus.
Aug 08 01:56:03.000 [warn] Please upgrade! This version of Tor (0.2.4.22) is obsolete, according to the directory authorities. Recommended versions are: 0.2.4.23,0.2.5.6-alpha
Aug 08 01:56:03.000 [notice] Bootstrapped 45%: Asking for relay descriptors.
Aug 08 01:56:03.000 [notice] I learned some more directory information, but not enough to build a circuit: We need more descriptors: we have 0/5986, and can only build 0% of likely paths. (We have 0% of guards bw, 0% of midpoint bw, and 0% of exit bw.)
Aug 08 01:56:03.000 [notice] Bootstrapped 50%: Loading relay descriptors.
Aug 08 01:56:03.000 [notice] Bootstrapped 51%: Loading relay descriptors.
Aug 08 01:56:03.000 [notice] I learned some more directory information, but not enough to build a circuit: We need more descriptors: we have 96/5986, and can only build 0% of likely paths. (We have 2% of guards bw, 2% of midpoint bw, and 2% of exit bw.)
Aug 08 01:56:03.000 [notice] Bootstrapped 53%: Loading relay descriptors.
Aug 08 01:56:03.000 [notice] I learned some more directory information, but not enough to build a circuit: We need more descriptors: we have 192/5986, and can only build 0% of likely paths. (We have 4% of guards bw, 4% of midpoint bw, and 4% of exit bw.)
Aug 08 01:56:03.000 [notice] Bootstrapped 55%: Loading relay descriptors.
Aug 08 01:56:03.000 [notice] I learned some more directory information, but not enough to build a circuit: We need more descriptors: we have 288/5986, and can only build 0% of likely paths. (We have 6% of guards bw, 7% of midpoint bw, and 6% of exit bw.)
Aug 08 01:56:03.000 [notice] Bootstrapped 57%: Loading relay descriptors.
Aug 08 01:56:03.000 [notice] I learned some more directory information, but not enough to build a circuit: We need more descriptors: we have 384/5986, and can only build 0% of likely paths. (We have 7% of guards bw, 9% of midpoint bw, and 8% of exit bw.)
Aug 08 01:56:03.000 [notice] Bootstrapped 59%: Loading relay descriptors.
Aug 08 01:56:03.000 [notice] I learned some more directory information, but not enough to build a circuit: We need more descriptors: we have 480/5986, and can only build 0% of likely paths. (We have 8% of guards bw, 10% of midpoint bw, and 9% of exit bw.)
Aug 08 01:56:03.000 [notice] Bootstrapped 61%: Loading relay descriptors.
Aug 08 01:56:03.000 [notice] I learned some more directory information, but not enough to build a circuit: We need more descriptors: we have 575/5986, and can only build 0% of likely paths. (We have 9% of guards bw, 11% of midpoint bw, and 10% of exit bw.)
Aug 08 01:56:04.000 [notice] Bootstrapped 63%: Loading relay descriptors.
Aug 08 01:56:04.000 [notice] I learned some more directory information, but not enough to build a circuit: We need more descriptors: we have 671/5986, and can only build 0% of likely paths. (We have 11% of guards bw, 12% of midpoint bw, and 12% of exit bw.)
Aug 08 01:56:04.000 [notice] Bootstrapped 64%: Loading relay descriptors.
Aug 08 01:56:04.000 [notice] I learned some more directory information, but not enough to build a circuit: We need more descriptors: we have 767/5986, and can only build 0% of likely paths. (We have 12% of guards bw, 14% of midpoint bw, and 14% of exit bw.)
Aug 08 01:56:04.000 [notice] Bootstrapped 66%: Loading relay descriptors.
Aug 08 01:56:04.000 [notice] I learned some more directory information, but not enough to build a circuit: We need more descriptors: we have 862/5986, and can only build 0% of likely paths. (We have 15% of guards bw, 16% of midpoint bw, and 15% of exit bw.)
Aug 08 01:56:04.000 [notice] Bootstrapped 68%: Loading relay descriptors.
Aug 08 01:56:04.000 [notice] I learned some more directory information, but not enough to build a circuit: We need more descriptors: we have 958/5986, and can only build 0% of likely paths. (We have 16% of guards bw, 17% of midpoint bw, and 18% of exit bw.)
Aug 08 01:56:04.000 [notice] Bootstrapped 70%: Loading relay descriptors.
Aug 08 01:56:04.000 [notice] I learned some more directory information, but not enough to build a circuit: We need more descriptors: we have 1054/5986, and can only build 0% of likely paths. (We have 18% of guards bw, 19% of midpoint bw, and 19% of exit bw.)
Aug 08 01:56:04.000 [notice] Bootstrapped 72%: Loading relay descriptors.
Aug 08 01:56:04.000 [notice] I learned some more directory information, but not enough to build a circuit: We need more descriptors: we have 1150/5986, and can only build 0% of likely paths. (We have 19% of guards bw, 20% of midpoint bw, and 20% of exit bw.)
Aug 08 01:56:04.000 [notice] Bootstrapped 74%: Loading relay descriptors.
Aug 08 01:56:04.000 [notice] I learned some more directory information, but not enough to build a circuit: We need more descriptors: we have 1246/5986, and can only build 1% of likely paths. (We have 21% of guards bw, 21% of midpoint bw, and 22% of exit bw.)
Aug 08 01:56:04.000 [notice] Bootstrapped 76%: Loading relay descriptors.
Aug 08 01:56:04.000 [notice] I learned some more directory information, but not enough to build a circuit: We need more descriptors: we have 1342/5986, and can only build 1% of likely paths. (We have 22% of guards bw, 22% of midpoint bw, and 25% of exit bw.)
Aug 08 01:56:04.000 [notice] Bootstrapped 77%: Loading relay descriptors.
Aug 08 01:56:04.000 [notice] I learned some more directory information, but not enough to build a circuit: We need more descriptors: we have 1438/5986, and can only build 1% of likely paths. (We have 24% of guards bw, 24% of midpoint bw, and 29% of exit bw.)
Aug 08 01:56:04.000 [notice] I learned some more directory information, but not enough to build a circuit: We need more descriptors: we have 1533/5986, and can only build 2% of likely paths. (We have 26% of guards bw, 26% of midpoint bw, and 32% of exit bw.)
Aug 08 01:56:04.000 [notice] I learned some more directory information, but not enough to build a circuit: We need more descriptors: we have 1629/5986, and can only build 2% of likely paths. (We have 27% of guards bw, 27% of midpoint bw, and 32% of exit bw.)
Aug 08 01:56:04.000 [notice] I learned some more directory information, but not enough to build a circuit: We need more descriptors: we have 1725/5986, and can only build 2% of likely paths. (We have 30% of guards bw, 29% of midpoint bw, and 32% of exit bw.)
Aug 08 01:56:04.000 [notice] I learned some more directory information, but not enough to build a circuit: We need more descriptors: we have 1821/5986, and can only build 3% of likely paths. (We have 31% of guards bw, 30% of midpoint bw, and 35% of exit bw.)
Aug 08 01:56:04.000 [notice] I learned some more directory information, but not enough to build a circuit: We need more descriptors: we have 1916/5986, and can only build 3% of likely paths. (We have 33% of guards bw, 32% of midpoint bw, and 35% of exit bw.)
Aug 08 01:56:04.000 [notice] I learned some more directory information, but not enough to build a circuit: We need more descriptors: we have 2012/5986, and can only build 4% of likely paths. (We have 35% of guards bw, 35% of midpoint bw, and 36% of exit bw.)
Aug 08 01:56:04.000 [notice] I learned some more directory information, but not enough to build a circuit: We need more descriptors: we have 2107/5986, and can only build 5% of likely paths. (We have 36% of guards bw, 36% of midpoint bw, and 37% of exit bw.)
Aug 08 01:56:04.000 [notice] I learned some more directory information, but not enough to build a circuit: We need more descriptors: we have 2203/5986, and can only build 5% of likely paths. (We have 38% of guards bw, 38% of midpoint bw, and 38% of exit bw.)
Aug 08 01:56:04.000 [notice] I learned some more directory information, but not enough to build a circuit: We need more descriptors: we have 2299/5986, and can only build 6% of likely paths. (We have 39% of guards bw, 39% of midpoint bw, and 40% of exit bw.)
Aug 08 01:56:05.000 [notice] I learned some more directory information, but not enough to build a circuit: We need more descriptors: we have 2395/5986, and can only build 7% of likely paths. (We have 41% of guards bw, 41% of midpoint bw, and 41% of exit bw.)
Aug 08 01:56:05.000 [notice] I learned some more directory information, but not enough to build a circuit: We need more descriptors: we have 2491/5986, and can only build 7% of likely paths. (We have 44% of guards bw, 43% of midpoint bw, and 41% of exit bw.)
Aug 08 01:56:05.000 [notice] I learned some more directory information, but not enough to build a circuit: We need more descriptors: we have 2586/5986, and can only build 8% of likely paths. (We have 45% of guards bw, 44% of midpoint bw, and 43% of exit bw.)
Aug 08 01:56:05.000 [notice] I learned some more directory information, but not enough to build a circuit: We need more descriptors: we have 2682/5986, and can only build 9% of likely paths. (We have 47% of guards bw, 45% of midpoint bw, and 44% of exit bw.)
Aug 08 01:56:05.000 [notice] I learned some more directory information, but not enough to build a circuit: We need more descriptors: we have 2778/5986, and can only build 10% of likely paths. (We have 48% of guards bw, 46% of midpoint bw, and 45% of exit bw.)
Aug 08 01:56:05.000 [notice] I learned some more directory information, but not enough to build a circuit: We need more descriptors: we have 2874/5986, and can only build 11% of likely paths. (We have 49% of guards bw, 48% of midpoint bw, and 48% of exit bw.)
Aug 08 01:56:05.000 [notice] I learned some more directory information, but not enough to build a circuit: We need more descriptors: we have 2970/5986, and can only build 12% of likely paths. (We have 51% of guards bw, 49% of midpoint bw, and 51% of exit bw.)
Aug 08 01:56:05.000 [notice] I learned some more directory information, but not enough to build a circuit: We need more descriptors: we have 3066/5986, and can only build 14% of likely paths. (We have 52% of guards bw, 50% of midpoint bw, and 52% of exit bw.)
Aug 08 01:56:05.000 [notice] I learned some more directory information, but not enough to build a circuit: We need more descriptors: we have 3161/5986, and can only build 15% of likely paths. (We have 54% of guards bw, 52% of midpoint bw, and 53% of exit bw.)
Aug 08 01:56:05.000 [notice] I learned some more directory information, but not enough to build a circuit: We need more descriptors: we have 3257/5986, and can only build 16% of likely paths. (We have 55% of guards bw, 53% of midpoint bw, and 54% of exit bw.)
Aug 08 01:56:05.000 [notice] I learned some more directory information, but not enough to build a circuit: We need more descriptors: we have 3353/5986, and can only build 17% of likely paths. (We have 56% of guards bw, 54% of midpoint bw, and 55% of exit bw.)
Aug 08 01:56:05.000 [notice] I learned some more directory information, but not enough to build a circuit: We need more descriptors: we have 3449/5986, and can only build 18% of likely paths. (We have 57% of guards bw, 57% of midpoint bw, and 57% of exit bw.)
Aug 08 01:56:05.000 [notice] I learned some more directory information, but not enough to build a circuit: We need more descriptors: we have 3545/5986, and can only build 20% of likely paths. (We have 59% of guards bw, 58% of midpoint bw, and 58% of exit bw.)
Aug 08 01:56:05.000 [notice] I learned some more directory information, but not enough to build a circuit: We need more descriptors: we have 3641/5986, and can only build 22% of likely paths. (We have 60% of guards bw, 61% of midpoint bw, and 60% of exit bw.)
Aug 08 01:56:05.000 [notice] I learned some more directory information, but not enough to build a circuit: We need more descriptors: we have 3737/5986, and can only build 23% of likely paths. (We have 61% of guards bw, 62% of midpoint bw, and 61% of exit bw.)
Aug 08 01:56:05.000 [notice] I learned some more directory information, but not enough to build a circuit: We need more descriptors: we have 3833/5986, and can only build 25% of likely paths. (We have 63% of guards bw, 65% of midpoint bw, and 62% of exit bw.)
Aug 08 01:56:05.000 [notice] I learned some more directory information, but not enough to build a circuit: We need more descriptors: we have 3929/5986, and can only build 26% of likely paths. (We have 64% of guards bw, 66% of midpoint bw, and 62% of exit bw.)
Aug 08 01:56:06.000 [notice] I learned some more directory information, but not enough to build a circuit: We need more descriptors: we have 4025/5986, and can only build 29% of likely paths. (We have 66% of guards bw, 67% of midpoint bw, and 64% of exit bw.)
Aug 08 01:56:06.000 [notice] I learned some more directory information, but not enough to build a circuit: We need more descriptors: we have 4121/5986, and can only build 31% of likely paths. (We have 67% of guards bw, 69% of midpoint bw, and 68% of exit bw.)
Aug 08 01:56:06.000 [notice] I learned some more directory information, but not enough to build a circuit: We need more descriptors: we have 4217/5986, and can only build 34% of likely paths. (We have 69% of guards bw, 70% of midpoint bw, and 70% of exit bw.)
Aug 08 01:56:06.000 [notice] I learned some more directory information, but not enough to build a circuit: We need more descriptors: we have 4313/5986, and can only build 37% of likely paths. (We have 71% of guards bw, 72% of midpoint bw, and 73% of exit bw.)
Aug 08 01:56:06.000 [notice] I learned some more directory information, but not enough to build a circuit: We need more descriptors: we have 4409/5986, and can only build 41% of likely paths. (We have 73% of guards bw, 74% of midpoint bw, and 75% of exit bw.)
Aug 08 01:56:06.000 [notice] I learned some more directory information, but not enough to build a circuit: We need more descriptors: we have 4505/5986, and can only build 43% of likely paths. (We have 75% of guards bw, 75% of midpoint bw, and 77% of exit bw.)
Aug 08 01:56:06.000 [notice] I learned some more directory information, but not enough to build a circuit: We need more descriptors: we have 4601/5986, and can only build 45% of likely paths. (We have 76% of guards bw, 77% of midpoint bw, and 77% of exit bw.)
Aug 08 01:56:06.000 [notice] I learned some more directory information, but not enough to build a circuit: We need more descriptors: we have 4697/5986, and can only build 47% of likely paths. (We have 78% of guards bw, 78% of midpoint bw, and 78% of exit bw.)
Aug 08 01:56:06.000 [notice] I learned some more directory information, but not enough to build a circuit: We need more descriptors: we have 4793/5986, and can only build 51% of likely paths. (We have 79% of guards bw, 81% of midpoint bw, and 79% of exit bw.)
Aug 08 01:56:06.000 [notice] I learned some more directory information, but not enough to build a circuit: We need more descriptors: we have 4889/5986, and can only build 53% of likely paths. (We have 80% of guards bw, 82% of midpoint bw, and 80% of exit bw.)
Aug 08 01:56:06.000 [notice] I learned some more directory information, but not enough to build a circuit: We need more descriptors: we have 4985/5986, and can only build 56% of likely paths. (We have 82% of guards bw, 83% of midpoint bw, and 81% of exit bw.)
Aug 08 01:56:06.000 [notice] I learned some more directory information, but not enough to build a circuit: We need more descriptors: we have 5081/5986, and can only build 58% of likely paths. (We have 83% of guards bw, 85% of midpoint bw, and 82% of exit bw.)
Aug 08 01:56:06.000 [notice] We now have enough directory information to build circuits.
Aug 08 01:56:06.000 [notice] Bootstrapped 80%: Connecting to the Tor network.
Aug 08 01:56:07.000 [notice] Bootstrapped 85%: Finishing handshake with first hop.
Aug 08 01:56:07.000 [notice] Bootstrapped 90%: Establishing a Tor circuit.
Aug 08 01:56:08.000 [notice] Tor has successfully opened a circuit. Looks like client functionality is working.
Aug 08 01:56:08.000 [notice] Bootstrapped 100%: Done.
Aug 08 01:56:08.000 [notice] Now checking whether ORPort 82.158.67.132:4443 and DirPort 82.158.67.132:9030 are reachable... (this may take up to 20 minutes -- look for log messages indicating success)
Aug 08 01:57:10.000 [notice] Interrupt: we have stopped accepting new connections, and will shut down in 30 seconds. Interrupt again to exit now.
